Using pre-set license
Pro License: NO

 COMMAND LINE ARGUMENTS:
/Applications/Unity/Hub/Editor/2021.1.16f1/Unity.app/Contents/MacOS/Unity
-adb2
-batchMode
-noUpm
-name
AssetImportWorker1
-projectPath
/Users/nikitapestov/Documents/git/TeleportNinja official
-logFile
Logs/AssetImportWorker1.log
-srvPort
63861
Successfully changed project path to: /Users/nikitapestov/Documents/git/TeleportNinja official
/Users/nikitapestov/Documents/git/TeleportNinja official
Using Asset Import Pipeline V2.
Refreshing native plugins compatible for Editor in 248.66 ms, found 4 plugins.
Preloading 0 native plugins for Editor in 0.00 ms.
Initialize engine version: 2021.1.16f1 (5fa502fca597)
[Subsystems] Discovering subsystems at path /Applications/Unity/Hub/Editor/2021.1.16f1/Unity.app/Contents/Resources/UnitySubsystems
[Subsystems] Discovering subsystems at path /Users/nikitapestov/Documents/git/TeleportNinja official/Assets
GfxDevice: creating device client; threaded=0; jobified=0
2022-03-27 16:21:11.550 Unity[61637:7547504] Color LCD preferred device: Intel(R) Iris(TM) Plus Graphics 650 (low power)
2022-03-27 16:21:11.550 Unity[61637:7547504] Metal devices available: 1
2022-03-27 16:21:11.550 Unity[61637:7547504] 0: Intel(R) Iris(TM) Plus Graphics 650 (low power)
2022-03-27 16:21:11.551 Unity[61637:7547504] Using device Intel(R) Iris(TM) Plus Graphics 650 (low power)
Initializing Metal device caps: Intel(R) Iris(TM) Plus Graphics 650
Initialize mono
Mono path[0] = '/Applications/Unity/Hub/Editor/2021.1.16f1/Unity.app/Contents/Managed'
Mono path[1] = '/Applications/Unity/Hub/Editor/2021.1.16f1/Unity.app/Contents/MonoBleedingEdge/lib/mono/unityjit'
Mono config path = '/Applications/Unity/Hub/Editor/2021.1.16f1/Unity.app/Contents/MonoBleedingEdge/etc'
Using monoOptions --debugger-agent=transport=dt_socket,embedding=1,server=y,suspend=n,address=127.0.0.1:56637
Begin MonoManager ReloadAssembly
Registering precompiled unity dll's ...
Register platform support module: /Applications/Unity/Hub/Editor/2021.1.16f1/Unity.app/Contents/PlaybackEngines/MacStandaloneSupport/UnityEditor.OSXStandalone.Extensions.dll
Registered in 0.003289 seconds.
Native extension for OSXStandalone target not found
Refreshing native plugins compatible for Editor in 87.48 ms, found 4 plugins.
Preloading 0 native plugins for Editor in 0.00 ms.
Mono: successfully reloaded assembly
- Completed reload, in 13.112 seconds
Domain Reload Profiling:
	ReloadAssembly (13112ms)
		BeginReloadAssembly (539ms)
			ExecutionOrderSort (0ms)
			DisableScriptedObjects (0ms)
			BackupInstance (0ms)
			ReleaseScriptingObjects (0ms)
			CreateAndSetChildDomain (2ms)
		EndReloadAssembly (762ms)
			LoadAssemblies (545ms)
			RebuildTransferFunctionScriptingTraits (0ms)
			SetupTypeCache (299ms)
			ReleaseScriptCaches (0ms)
			RebuildScriptCaches (60ms)
			SetupLoadedEditorAssemblies (324ms)
				LogAssemblyErrors (0ms)
				InitializePlatformSupportModulesInManaged (9ms)
				SetLoadedEditorAssemblies (1ms)
				RefreshPlugins (88ms)
				BeforeProcessingInitializeOnLoad (2ms)
				ProcessInitializeOnLoadAttributes (181ms)
				ProcessInitializeOnLoadMethodAttributes (43ms)
				AfterProcessingInitializeOnLoad (0ms)
				EditorAssembliesLoaded (0ms)
			ExecutionOrderSort2 (0ms)
			AwakeInstancesAfterBackupRestoration (0ms)
Platform modules already initialized, skipping
Registering precompiled user dll's ...
Registered in 0.042527 seconds.
