Using pre-set license
Pro License: NO

 COMMAND LINE ARGUMENTS:
/Applications/Unity/Hub/Editor/2021.1.16f1/Unity.app/Contents/MacOS/Unity
-adb2
-batchMode
-noUpm
-name
AssetImportWorker1
-projectPath
/Users/nikitapestov/Documents/GitHub Ninja/Unity Teleport Ninja
-logFile
Logs/AssetImportWorker1.log
-srvPort
63946
Successfully changed project path to: /Users/nikitapestov/Documents/GitHub Ninja/Unity Teleport Ninja
/Users/nikitapestov/Documents/GitHub Ninja/Unity Teleport Ninja
Using Asset Import Pipeline V2.
Refreshing native plugins compatible for Editor in 295.68 ms, found 4 plugins.
Preloading 0 native plugins for Editor in 0.00 ms.
Initialize engine version: 2021.1.16f1 (5fa502fca597)
[Subsystems] Discovering subsystems at path /Applications/Unity/Hub/Editor/2021.1.16f1/Unity.app/Contents/Resources/UnitySubsystems
[Subsystems] Discovering subsystems at path /Users/nikitapestov/Documents/GitHub Ninja/Unity Teleport Ninja/Assets
GfxDevice: creating device client; threaded=0; jobified=0
2022-03-31 15:59:15.450 Unity[6582:9276793] Color LCD preferred device: Intel(R) Iris(TM) Plus Graphics 650 (low power)
2022-03-31 15:59:15.450 Unity[6582:9276793] Metal devices available: 1
2022-03-31 15:59:15.450 Unity[6582:9276793] 0: Intel(R) Iris(TM) Plus Graphics 650 (low power)
2022-03-31 15:59:15.451 Unity[6582:9276793] Using device Intel(R) Iris(TM) Plus Graphics 650 (low power)
Initializing Metal device caps: Intel(R) Iris(TM) Plus Graphics 650
Initialize mono
Mono path[0] = '/Applications/Unity/Hub/Editor/2021.1.16f1/Unity.app/Contents/Managed'
Mono path[1] = '/Applications/Unity/Hub/Editor/2021.1.16f1/Unity.app/Contents/MonoBleedingEdge/lib/mono/unityjit'
Mono config path = '/Applications/Unity/Hub/Editor/2021.1.16f1/Unity.app/Contents/MonoBleedingEdge/etc'
Using monoOptions --debugger-agent=transport=dt_socket,embedding=1,server=y,suspend=n,address=127.0.0.1:56582
Begin MonoManager ReloadAssembly
Registering precompiled unity dll's ...
Register platform support module: /Applications/Unity/Hub/Editor/2021.1.16f1/Unity.app/Contents/PlaybackEngines/MacStandaloneSupport/UnityEditor.OSXStandalone.Extensions.dll
Registered in 0.002503 seconds.
Native extension for OSXStandalone target not found
Refreshing native plugins compatible for Editor in 85.53 ms, found 4 plugins.
Preloading 0 native plugins for Editor in 0.00 ms.
Mono: successfully reloaded assembly
- Completed reload, in 14.057 seconds
Domain Reload Profiling:
	ReloadAssembly (14057ms)
		BeginReloadAssembly (225ms)
			ExecutionOrderSort (0ms)
			DisableScriptedObjects (0ms)
			BackupInstance (0ms)
			ReleaseScriptingObjects (0ms)
			CreateAndSetChildDomain (1ms)
		EndReloadAssembly (946ms)
			LoadAssemblies (226ms)
			RebuildTransferFunctionScriptingTraits (0ms)
			SetupTypeCache (337ms)
			ReleaseScriptCaches (0ms)
			RebuildScriptCaches (74ms)
			SetupLoadedEditorAssemblies (345ms)
				LogAssemblyErrors (0ms)
				InitializePlatformSupportModulesInManaged (8ms)
				SetLoadedEditorAssemblies (0ms)
				RefreshPlugins (86ms)
				BeforeProcessingInitializeOnLoad (2ms)
				ProcessInitializeOnLoadAttributes (201ms)
				ProcessInitializeOnLoadMethodAttributes (47ms)
				AfterProcessingInitializeOnLoad (0ms)
				EditorAssembliesLoaded (0ms)
			ExecutionOrderSort2 (0ms)
			AwakeInstancesAfterBackupRestoration (0ms)
Platform modules already initialized, skipping
Registering precompiled user dll's ...
Registered in 0.102606 seconds.
Begin MonoManager ReloadAssembly
Native extension for OSXStandalone target not found
Refreshing native plugins compatible for Editor in 1.78 ms, found 4 plugins.
Preloading 0 native plugins for Editor in 0.00 ms.
WARNING: RGBA Compressed ETC2 UNorm format is not supported, decompressing texture
Mono: successfully reloaded assembly
- Completed reload, in  2.633 seconds
Domain Reload Profiling:
	ReloadAssembly (2633ms)
		BeginReloadAssembly (332ms)
			ExecutionOrderSort (0ms)
			DisableScriptedObjects (8ms)
			BackupInstance (0ms)
			ReleaseScriptingObjects (0ms)
			CreateAndSetChildDomain (55ms)
		EndReloadAssembly (2199ms)
			LoadAssemblies (495ms)
			RebuildTransferFunctionScriptingTraits (0ms)
			SetupTypeCache (564ms)
			ReleaseScriptCaches (1ms)
			RebuildScriptCaches (125ms)
			SetupLoadedEditorAssemblies (949ms)
				LogAssemblyErrors (0ms)
				InitializePlatformSupportModulesInManaged (6ms)
				SetLoadedEditorAssemblies (1ms)
				RefreshPlugins (2ms)
				BeforeProcessingInitializeOnLoad (83ms)
				ProcessInitializeOnLoadAttributes (747ms)
				ProcessInitializeOnLoadMethodAttributes (108ms)
				AfterProcessingInitializeOnLoad (2ms)
				EditorAssembliesLoaded (0ms)
			ExecutionOrderSort2 (0ms)
			AwakeInstancesAfterBackupRestoration (10ms)
Platform modules already initialized, skipping
========================================================================
Worker process is ready to serve import requests
Launching external process: /Applications/Unity/Hub/Editor/2021.1.16f1/Unity.app/Contents/Tools/UnityShaderCompiler
Launched and connected shader compiler UnityShaderCompiler after 0.06 seconds
Refreshing native plugins compatible for Editor in 3.29 ms, found 4 plugins.
Preloading 0 native plugins for Editor in 0.00 ms.
Unloading 2946 Unused Serialized files (Serialized files now loaded: 0)
System memory in use before: 297.0 MB.
System memory in use after: 295.0 MB.

Unloading 190 unused Assets to reduce memory usage. Loaded Objects now: 3296.
Total: 11.070250 ms (FindLiveObjects: 0.384533 ms CreateObjectMapping: 0.369445 ms MarkObjects: 9.525896 ms  DeleteObjects: 0.788825 ms)

AssetImportParameters requested are different than current active one (requested -> active):
  custom:video-decoder-ogg-theora: a1e56fd34408186e4bbccfd4996cb3dc -> 
  custom:container-muxer-webm: aa71ff27fc2769a1b78a27578f13a17b -> 
  custom:container-demuxer-webm: 4f35f7cbe854078d1ac9338744f61a02 -> 
  custom:container-demuxer-ogg: 62fdf1f143b41e24485cea50d1cbac27 -> 
  custom:video-encoder-webm-vp8: eb34c28f22e8b96e1ab97ce403110664 -> 
  custom:framework-osx-AVFoundation: b23960f63f64bdc6ff669e2cdcee2391 -> 
  custom:video-decoder-webm-vp8: 9c59270c3fd7afecdb556c50c9e8de78 -> 
  custom:audio-decoder-ogg-vorbis: bf7c407c2cedff20999df2af8eb42d56 -> 
  custom:audio-encoder-webm-vorbis: bf7c407c2cedff20999df2af8eb42d56 -> 
========================================================================
Received Import Request.
  path: Assets/Packages/Standard Assets/Characters/ThirdPersonCharacter/Animator/ThirdPersonAnimatorController.controller
  artifactKey: Guid(e2cf68ff4b1ffda45a77f7307dd789b9) Importer(815301076,1909f56bfc062723c751e8b465ee728b)
Start importing Assets/Packages/Standard Assets/Characters/ThirdPersonCharacter/Animator/ThirdPersonAnimatorController.controller using Guid(e2cf68ff4b1ffda45a77f7307dd789b9) Importer(815301076,1909f56bfc062723c751e8b465ee728b)  -> (artifact id: '2a5888127bbcef689254fe3cc27fb160') in 2.258048 seconds 
========================================================================
Received Prepare
Registering precompiled user dll's ...
Registered in 0.061514 seconds.
Begin MonoManager ReloadAssembly
Native extension for OSXStandalone target not found
Refreshing native plugins compatible for Editor in 1.87 ms, found 4 plugins.
Preloading 0 native plugins for Editor in 0.00 ms.
Mono: successfully reloaded assembly
- Completed reload, in  2.442 seconds
Domain Reload Profiling:
	ReloadAssembly (2443ms)
		BeginReloadAssembly (567ms)
			ExecutionOrderSort (0ms)
			DisableScriptedObjects (14ms)
			BackupInstance (0ms)
			ReleaseScriptingObjects (0ms)
			CreateAndSetChildDomain (132ms)
		EndReloadAssembly (1787ms)
			LoadAssemblies (579ms)
			RebuildTransferFunctionScriptingTraits (0ms)
			SetupTypeCache (486ms)
			ReleaseScriptCaches (1ms)
			RebuildScriptCaches (87ms)
			SetupLoadedEditorAssemblies (791ms)
				LogAssemblyErrors (0ms)
				InitializePlatformSupportModulesInManaged (6ms)
				SetLoadedEditorAssemblies (1ms)
				RefreshPlugins (2ms)
				BeforeProcessingInitializeOnLoad (64ms)
				ProcessInitializeOnLoadAttributes (637ms)
				ProcessInitializeOnLoadMethodAttributes (79ms)
				AfterProcessingInitializeOnLoad (2ms)
				EditorAssembliesLoaded (0ms)
			ExecutionOrderSort2 (0ms)
			AwakeInstancesAfterBackupRestoration (8ms)
Platform modules already initialized, skipping
Switching build target platform(2) subTarget(0) extendedPlatform(0) -> platform(13) subTarget(589824) extendedPlatform(0)
Refreshing native plugins compatible for Editor in 2.24 ms, found 4 plugins.
Preloading 0 native plugins for Editor in 0.00 ms.
Unloading 2816 Unused Serialized files (Serialized files now loaded: 0)
System memory in use before: 280.3 MB.
System memory in use after: 278.4 MB.

Unloading 181 unused Assets to reduce memory usage. Loaded Objects now: 3299.
Total: 9.498901 ms (FindLiveObjects: 0.296294 ms CreateObjectMapping: 0.190735 ms MarkObjects: 8.270566 ms  DeleteObjects: 0.740022 ms)

AssetImportParameters requested are different than current active one (requested -> active):
  custom:video-decoder-ogg-theora: a1e56fd34408186e4bbccfd4996cb3dc -> 
  custom:container-muxer-webm: aa71ff27fc2769a1b78a27578f13a17b -> 
  custom:container-demuxer-webm: 4f35f7cbe854078d1ac9338744f61a02 -> 
  custom:container-demuxer-ogg: 62fdf1f143b41e24485cea50d1cbac27 -> 
  custom:video-encoder-webm-vp8: eb34c28f22e8b96e1ab97ce403110664 -> 
  custom:framework-osx-AVFoundation: b23960f63f64bdc6ff669e2cdcee2391 -> 
  custom:video-decoder-webm-vp8: 9c59270c3fd7afecdb556c50c9e8de78 -> 
  custom:graphics/normal-map-encoding: 01000000000000000000000000000000 -> 02000000000000000000000000000000
  custom:audio-decoder-ogg-vorbis: bf7c407c2cedff20999df2af8eb42d56 -> 
  custom:audio-encoder-webm-vorbis: bf7c407c2cedff20999df2af8eb42d56 -> 
========================================================================
Received Prepare
Registering precompiled user dll's ...
Registered in 0.039493 seconds.
Begin MonoManager ReloadAssembly
Native extension for OSXStandalone target not found
Refreshing native plugins compatible for Editor in 2.51 ms, found 4 plugins.
Preloading 0 native plugins for Editor in 0.00 ms.
Mono: successfully reloaded assembly
- Completed reload, in  3.247 seconds
Domain Reload Profiling:
	ReloadAssembly (3250ms)
		BeginReloadAssembly (756ms)
			ExecutionOrderSort (0ms)
			DisableScriptedObjects (23ms)
			BackupInstance (0ms)
			ReleaseScriptingObjects (0ms)
			CreateAndSetChildDomain (191ms)
		EndReloadAssembly (2396ms)
			LoadAssemblies (1088ms)
			RebuildTransferFunctionScriptingTraits (0ms)
			SetupTypeCache (509ms)
			ReleaseScriptCaches (1ms)
			RebuildScriptCaches (100ms)
			SetupLoadedEditorAssemblies (909ms)
				LogAssemblyErrors (0ms)
				InitializePlatformSupportModulesInManaged (9ms)
				SetLoadedEditorAssemblies (1ms)
				RefreshPlugins (3ms)
				BeforeProcessingInitializeOnLoad (67ms)
				ProcessInitializeOnLoadAttributes (735ms)
				ProcessInitializeOnLoadMethodAttributes (93ms)
				AfterProcessingInitializeOnLoad (2ms)
				EditorAssembliesLoaded (0ms)
			ExecutionOrderSort2 (0ms)
			AwakeInstancesAfterBackupRestoration (11ms)
Platform modules already initialized, skipping
Switching build target platform(2) subTarget(0) extendedPlatform(0) -> platform(13) subTarget(589824) extendedPlatform(0)
Refreshing native plugins compatible for Editor in 1.96 ms, found 4 plugins.
Preloading 0 native plugins for Editor in 0.00 ms.
Unloading 2816 Unused Serialized files (Serialized files now loaded: 0)
System memory in use before: 280.6 MB.
System memory in use after: 278.7 MB.

Unloading 181 unused Assets to reduce memory usage. Loaded Objects now: 3302.
Total: 9.756549 ms (FindLiveObjects: 0.318377 ms CreateObjectMapping: 0.158901 ms MarkObjects: 8.471789 ms  DeleteObjects: 0.806289 ms)

AssetImportParameters requested are different than current active one (requested -> active):
  custom:video-decoder-ogg-theora: a1e56fd34408186e4bbccfd4996cb3dc -> 
  custom:container-muxer-webm: aa71ff27fc2769a1b78a27578f13a17b -> 
  custom:container-demuxer-webm: 4f35f7cbe854078d1ac9338744f61a02 -> 
  custom:container-demuxer-ogg: 62fdf1f143b41e24485cea50d1cbac27 -> 
  custom:video-encoder-webm-vp8: eb34c28f22e8b96e1ab97ce403110664 -> 
  custom:framework-osx-AVFoundation: b23960f63f64bdc6ff669e2cdcee2391 -> 
  custom:video-decoder-webm-vp8: 9c59270c3fd7afecdb556c50c9e8de78 -> 
  custom:graphics/normal-map-encoding: 01000000000000000000000000000000 -> 02000000000000000000000000000000
  custom:audio-decoder-ogg-vorbis: bf7c407c2cedff20999df2af8eb42d56 -> 
  custom:audio-encoder-webm-vorbis: bf7c407c2cedff20999df2af8eb42d56 -> 
========================================================================
Received Import Request.
  Time since last request: 1041.552336 seconds.
  path: Assets/Scripts/Player/PlayerAnim.cs
  artifactKey: Guid(b383d0cfc476e40e5845f13950e3b635) Importer(2089858483,934ff659095e30574adcf32a4c2f97b5)
Start importing Assets/Scripts/Player/PlayerAnim.cs using Guid(b383d0cfc476e40e5845f13950e3b635) Importer(2089858483,934ff659095e30574adcf32a4c2f97b5)  -> (artifact id: '2855e23f00a192309ba5fe26925ce2a9') in 0.822161 seconds 
========================================================================
Received Import Request.
  Time since last request: 0.000321 seconds.
  path: Assets/Prefabs/enemeies/Idle enemy.prefab
  artifactKey: Guid(bacafba9d554f4887bd656ff50a44669) Importer(2089858483,934ff659095e30574adcf32a4c2f97b5)
Start importing Assets/Prefabs/enemeies/Idle enemy.prefab using Guid(bacafba9d554f4887bd656ff50a44669) Importer(2089858483,934ff659095e30574adcf32a4c2f97b5)  -> (artifact id: 'febe00ad7512337176926e366211b1ab') in 0.362220 seconds 
========================================================================
Received Import Request.
  Time since last request: 0.000920 seconds.
  path: Assets/Packages/Slicing/ObjectSlicer/StaticComponentManager.cs
  artifactKey: Guid(d6b2fb74b3073d34db6e2f59cdfc7b40) Importer(2089858483,934ff659095e30574adcf32a4c2f97b5)
Start importing Assets/Packages/Slicing/ObjectSlicer/StaticComponentManager.cs using Guid(d6b2fb74b3073d34db6e2f59cdfc7b40) Importer(2089858483,934ff659095e30574adcf32a4c2f97b5)  -> (artifact id: 'afd91f4fb11c00bcc3406f598f3960da') in 0.008355 seconds 
========================================================================
Received Import Request.
  Time since last request: 0.000215 seconds.
  path: Assets/Animations/Player/Strike.anim
  artifactKey: Guid(ecbe8ac2c43d64419ab04a91263a3738) Importer(2089858483,934ff659095e30574adcf32a4c2f97b5)
Start importing Assets/Animations/Player/Strike.anim using Guid(ecbe8ac2c43d64419ab04a91263a3738) Importer(2089858483,934ff659095e30574adcf32a4c2f97b5)  -> (artifact id: 'a9fef08b78ba5cad30dc94ad04b94ba5') in 0.203379 seconds 
========================================================================
Received Import Request.
  Time since last request: 0.000247 seconds.
  path: Assets/Scenes/Levels in build/1.unity
  artifactKey: Guid(678b9a574ac564a92847b64ceb61a0a7) Importer(2089858483,934ff659095e30574adcf32a4c2f97b5)
Start importing Assets/Scenes/Levels in build/1.unity using Guid(678b9a574ac564a92847b64ceb61a0a7) Importer(2089858483,934ff659095e30574adcf32a4c2f97b5)  -> (artifact id: '5bb6f663cc8d59db4530e2db597c4bbf') in 0.008537 seconds 
========================================================================
Received Import Request.
  Time since last request: 0.000244 seconds.
  path: Assets/Packages/EnemyVision/Prefabs/Characters/EnemyPolice.prefab
  artifactKey: Guid(ccc12316d8fa111458153474448bd12e) Importer(2089858483,934ff659095e30574adcf32a4c2f97b5)
Start importing Assets/Packages/EnemyVision/Prefabs/Characters/EnemyPolice.prefab using Guid(ccc12316d8fa111458153474448bd12e) Importer(2089858483,934ff659095e30574adcf32a4c2f97b5)  -> (artifact id: '19242af72f093c4880d497eb4bb0d8f0') in 0.007526 seconds 
========================================================================
Received Import Request.
  Time since last request: 0.000208 seconds.
  path: Assets/Packages/Slicing/ObjectSlicer/BzSliceableCollider.cs
  artifactKey: Guid(aeadfff3697ea994a94c38c57adeb473) Importer(2089858483,934ff659095e30574adcf32a4c2f97b5)
Start importing Assets/Packages/Slicing/ObjectSlicer/BzSliceableCollider.cs using Guid(aeadfff3697ea994a94c38c57adeb473) Importer(2089858483,934ff659095e30574adcf32a4c2f97b5)  -> (artifact id: '84dc5067afd4bb262a4b3382c1c7b01a') in 0.012829 seconds 
========================================================================
Received Import Request.
  Time since last request: 0.000272 seconds.
  path: Assets/Packages/Slicing/CharacterSlicerSamples/CharacterSlicerSampleFast.cs
  artifactKey: Guid(48e9137bd1dbf924fae2d2c1d01e5095) Importer(2089858483,934ff659095e30574adcf32a4c2f97b5)
Start importing Assets/Packages/Slicing/CharacterSlicerSamples/CharacterSlicerSampleFast.cs using Guid(48e9137bd1dbf924fae2d2c1d01e5095) Importer(2089858483,934ff659095e30574adcf32a4c2f97b5)  -> (artifact id: '69cd2438a362d9e244ae0502f16989ae') in 0.009378 seconds 
========================================================================
Received Import Request.
  Time since last request: 0.000518 seconds.
  path: Assets/Scripts/Enemy/TargetScript.cs
  artifactKey: Guid(7defed2151643c94e92a500c7e63dca1) Importer(2089858483,934ff659095e30574adcf32a4c2f97b5)
Start importing Assets/Scripts/Enemy/TargetScript.cs using Guid(7defed2151643c94e92a500c7e63dca1) Importer(2089858483,934ff659095e30574adcf32a4c2f97b5)  -> (artifact id: 'e44bf6255c1ab0b8520cd1b82b7e28df') in 0.008340 seconds 
========================================================================
Received Import Request.
  Time since last request: 0.000330 seconds.
  path: Assets/Packages/Standard Assets/Characters/ThirdPersonCharacter/Animator/ThirdPersonAnimatorController.controller
  artifactKey: Guid(e2cf68ff4b1ffda45a77f7307dd789b9) Importer(2089858483,934ff659095e30574adcf32a4c2f97b5)
Start importing Assets/Packages/Standard Assets/Characters/ThirdPersonCharacter/Animator/ThirdPersonAnimatorController.controller using Guid(e2cf68ff4b1ffda45a77f7307dd789b9) Importer(2089858483,934ff659095e30574adcf32a4c2f97b5)  -> (artifact id: '61fd80070ed3bdaff5fe1583c8282910') in 0.033209 seconds 
========================================================================
Received Import Request.
  Time since last request: 0.000325 seconds.
  path: Assets/Scripts/Enemy/Enemy.cs
  artifactKey: Guid(6611e123aa8f2a544910b7004df7ecf3) Importer(2089858483,934ff659095e30574adcf32a4c2f97b5)
Start importing Assets/Scripts/Enemy/Enemy.cs using Guid(6611e123aa8f2a544910b7004df7ecf3) Importer(2089858483,934ff659095e30574adcf32a4c2f97b5)  -> (artifact id: '9957b240d905e201c73684c77d917587') in 0.007960 seconds 
========================================================================
Received Import Request.
  Time since last request: 0.000275 seconds.
  path: Assets/Scripts/Player/PlayerMovement.cs
  artifactKey: Guid(fcb5407ed3e7847ac944a04dd3ef573f) Importer(2089858483,934ff659095e30574adcf32a4c2f97b5)
Start importing Assets/Scripts/Player/PlayerMovement.cs using Guid(fcb5407ed3e7847ac944a04dd3ef573f) Importer(2089858483,934ff659095e30574adcf32a4c2f97b5)  -> (artifact id: '94382d800ab2d8dce92af8c7916bcfbc') in 0.024010 seconds 
========================================================================
Received Import Request.
  Time since last request: 0.000243 seconds.
  path: Assets/Scripts/Managers/GameManager.cs
  artifactKey: Guid(9e25df1cd2d874486ae94dd36e763008) Importer(2089858483,934ff659095e30574adcf32a4c2f97b5)
Start importing Assets/Scripts/Managers/GameManager.cs using Guid(9e25df1cd2d874486ae94dd36e763008) Importer(2089858483,934ff659095e30574adcf32a4c2f97b5)  -> (artifact id: 'dfe0bd1071155ec84f94985bb8ee494d') in 0.010835 seconds 
========================================================================
Received Import Request.
  Time since last request: 0.000679 seconds.
  path: Assets/Animations/Player/Strike 2.anim
  artifactKey: Guid(d24acbbea8eaf4c5396ba04f824ea4b3) Importer(2089858483,934ff659095e30574adcf32a4c2f97b5)
Start importing Assets/Animations/Player/Strike 2.anim using Guid(d24acbbea8eaf4c5396ba04f824ea4b3) Importer(2089858483,934ff659095e30574adcf32a4c2f97b5)  -> (artifact id: 'cd70907a8bec5cd7dd0ca5a5876fb814') in 0.014458 seconds 
========================================================================
Received Import Request.
  Time since last request: 0.000247 seconds.
  path: Assets/Scripts/Player/AttackMoveController.cs
  artifactKey: Guid(dd404a188132b324399a9e578d1d5596) Importer(2089858483,934ff659095e30574adcf32a4c2f97b5)
Start importing Assets/Scripts/Player/AttackMoveController.cs using Guid(dd404a188132b324399a9e578d1d5596) Importer(2089858483,934ff659095e30574adcf32a4c2f97b5)  -> (artifact id: '73cc6d6536e15a208bbad4959367e065') in 0.012533 seconds 
========================================================================
Received Prepare
Registering precompiled user dll's ...
Registered in 0.037317 seconds.
Begin MonoManager ReloadAssembly
Native extension for OSXStandalone target not found
Refreshing native plugins compatible for Editor in 1.81 ms, found 4 plugins.
Preloading 0 native plugins for Editor in 0.00 ms.
Mono: successfully reloaded assembly
- Completed reload, in  2.292 seconds
Domain Reload Profiling:
	ReloadAssembly (2292ms)
		BeginReloadAssembly (308ms)
			ExecutionOrderSort (0ms)
			DisableScriptedObjects (11ms)
			BackupInstance (0ms)
			ReleaseScriptingObjects (0ms)
			CreateAndSetChildDomain (158ms)
		EndReloadAssembly (1877ms)
			LoadAssemblies (454ms)
			RebuildTransferFunctionScriptingTraits (0ms)
			SetupTypeCache (471ms)
			ReleaseScriptCaches (1ms)
			RebuildScriptCaches (85ms)
			SetupLoadedEditorAssemblies (763ms)
				LogAssemblyErrors (0ms)
				InitializePlatformSupportModulesInManaged (6ms)
				SetLoadedEditorAssemblies (1ms)
				RefreshPlugins (2ms)
				BeforeProcessingInitializeOnLoad (64ms)
				ProcessInitializeOnLoadAttributes (607ms)
				ProcessInitializeOnLoadMethodAttributes (81ms)
				AfterProcessingInitializeOnLoad (2ms)
				EditorAssembliesLoaded (0ms)
			ExecutionOrderSort2 (0ms)
			AwakeInstancesAfterBackupRestoration (8ms)
Platform modules already initialized, skipping
Switching build target platform(2) subTarget(0) extendedPlatform(0) -> platform(13) subTarget(589824) extendedPlatform(0)
Refreshing native plugins compatible for Editor in 1.99 ms, found 4 plugins.
Preloading 0 native plugins for Editor in 0.00 ms.
Unloading 2816 Unused Serialized files (Serialized files now loaded: 0)
System memory in use before: 293.8 MB.
System memory in use after: 291.9 MB.

Unloading 181 unused Assets to reduce memory usage. Loaded Objects now: 3305.
Total: 8.790993 ms (FindLiveObjects: 0.252737 ms CreateObjectMapping: 0.135516 ms MarkObjects: 7.561711 ms  DeleteObjects: 0.839861 ms)

AssetImportParameters requested are different than current active one (requested -> active):
  custom:video-decoder-ogg-theora: a1e56fd34408186e4bbccfd4996cb3dc -> 
  custom:container-muxer-webm: aa71ff27fc2769a1b78a27578f13a17b -> 
  custom:container-demuxer-webm: 4f35f7cbe854078d1ac9338744f61a02 -> 
  custom:container-demuxer-ogg: 62fdf1f143b41e24485cea50d1cbac27 -> 
  custom:video-encoder-webm-vp8: eb34c28f22e8b96e1ab97ce403110664 -> 
  custom:framework-osx-AVFoundation: b23960f63f64bdc6ff669e2cdcee2391 -> 
  custom:video-decoder-webm-vp8: 9c59270c3fd7afecdb556c50c9e8de78 -> 
  custom:graphics/normal-map-encoding: 01000000000000000000000000000000 -> 02000000000000000000000000000000
  custom:audio-decoder-ogg-vorbis: bf7c407c2cedff20999df2af8eb42d56 -> 
  custom:audio-encoder-webm-vorbis: bf7c407c2cedff20999df2af8eb42d56 -> 
========================================================================
Received Import Request.
  Time since last request: 20.004392 seconds.
  path: Assets/Packages/Slicing/CharacterSlicerSamples/BloodParticle.prefab
  artifactKey: Guid(cee7e6e67c3be35489149da56707d602) Importer(815301076,1909f56bfc062723c751e8b465ee728b)
Start importing Assets/Packages/Slicing/CharacterSlicerSamples/BloodParticle.prefab using Guid(cee7e6e67c3be35489149da56707d602) Importer(815301076,1909f56bfc062723c751e8b465ee728b)  -> (artifact id: '9d0ef09a5cf8f73083df97158a91c4eb') in 0.214518 seconds 
========================================================================
Received Import Request.
  Time since last request: 25.043841 seconds.
  path: Assets/Packages/Slicing/CharacterSlicerSamples/BloodParticle.prefab
  artifactKey: Guid(cee7e6e67c3be35489149da56707d602) Importer(2089858483,934ff659095e30574adcf32a4c2f97b5)
Start importing Assets/Packages/Slicing/CharacterSlicerSamples/BloodParticle.prefab using Guid(cee7e6e67c3be35489149da56707d602) Importer(2089858483,934ff659095e30574adcf32a4c2f97b5)  -> (artifact id: '7396f184b207ecbd24cfe7bd52bda05a') in 0.137130 seconds 
========================================================================
Received Prepare
Registering precompiled user dll's ...
Registered in 0.057971 seconds.
Begin MonoManager ReloadAssembly
Native extension for OSXStandalone target not found
Refreshing native plugins compatible for Editor in 2.22 ms, found 4 plugins.
Preloading 0 native plugins for Editor in 0.00 ms.
Mono: successfully reloaded assembly
- Completed reload, in  2.966 seconds
Domain Reload Profiling:
	ReloadAssembly (2967ms)
		BeginReloadAssembly (580ms)
			ExecutionOrderSort (0ms)
			DisableScriptedObjects (8ms)
			BackupInstance (0ms)
			ReleaseScriptingObjects (0ms)
			CreateAndSetChildDomain (106ms)
		EndReloadAssembly (2280ms)
			LoadAssemblies (897ms)
			RebuildTransferFunctionScriptingTraits (0ms)
			SetupTypeCache (592ms)
			ReleaseScriptCaches (1ms)
			RebuildScriptCaches (97ms)
			SetupLoadedEditorAssemblies (877ms)
				LogAssemblyErrors (0ms)
				InitializePlatformSupportModulesInManaged (6ms)
				SetLoadedEditorAssemblies (2ms)
				RefreshPlugins (2ms)
				BeforeProcessingInitializeOnLoad (68ms)
				ProcessInitializeOnLoadAttributes (691ms)
				ProcessInitializeOnLoadMethodAttributes (106ms)
				AfterProcessingInitializeOnLoad (2ms)
				EditorAssembliesLoaded (0ms)
			ExecutionOrderSort2 (0ms)
			AwakeInstancesAfterBackupRestoration (8ms)
Platform modules already initialized, skipping
Switching build target platform(2) subTarget(0) extendedPlatform(0) -> platform(13) subTarget(589824) extendedPlatform(0)
Refreshing native plugins compatible for Editor in 1.79 ms, found 4 plugins.
Preloading 0 native plugins for Editor in 0.00 ms.
Unloading 2816 Unused Serialized files (Serialized files now loaded: 0)
System memory in use before: 298.2 MB.
System memory in use after: 296.3 MB.

Unloading 182 unused Assets to reduce memory usage. Loaded Objects now: 3316.
Total: 8.898590 ms (FindLiveObjects: 0.276275 ms CreateObjectMapping: 0.164109 ms MarkObjects: 7.709688 ms  DeleteObjects: 0.747460 ms)

AssetImportParameters requested are different than current active one (requested -> active):
  custom:video-decoder-ogg-theora: a1e56fd34408186e4bbccfd4996cb3dc -> 
  custom:container-muxer-webm: aa71ff27fc2769a1b78a27578f13a17b -> 
  custom:container-demuxer-webm: 4f35f7cbe854078d1ac9338744f61a02 -> 
  custom:container-demuxer-ogg: 62fdf1f143b41e24485cea50d1cbac27 -> 
  custom:video-encoder-webm-vp8: eb34c28f22e8b96e1ab97ce403110664 -> 
  custom:framework-osx-AVFoundation: b23960f63f64bdc6ff669e2cdcee2391 -> 
  custom:video-decoder-webm-vp8: 9c59270c3fd7afecdb556c50c9e8de78 -> 
  custom:graphics/normal-map-encoding: 01000000000000000000000000000000 -> 02000000000000000000000000000000
  custom:audio-decoder-ogg-vorbis: bf7c407c2cedff20999df2af8eb42d56 -> 
  custom:audio-encoder-webm-vorbis: bf7c407c2cedff20999df2af8eb42d56 -> 
========================================================================
Received Import Request.
  Time since last request: 41.908952 seconds.
  path: Assets/Packages/Slicing/CharacterSlicerSamples/BloodParticle.prefab
  artifactKey: Guid(cee7e6e67c3be35489149da56707d602) Importer(815301076,1909f56bfc062723c751e8b465ee728b)
Start importing Assets/Packages/Slicing/CharacterSlicerSamples/BloodParticle.prefab using Guid(cee7e6e67c3be35489149da56707d602) Importer(815301076,1909f56bfc062723c751e8b465ee728b)  -> (artifact id: '39c7c3d0b2e312eac33831a17de46164') in 0.115065 seconds 
========================================================================
Received Import Request.
  Time since last request: 0.847397 seconds.
  path: Assets/Packages/Slicing/CharacterSlicerSamples/BloodParticle.prefab
  artifactKey: Guid(cee7e6e67c3be35489149da56707d602) Importer(2089858483,934ff659095e30574adcf32a4c2f97b5)
Start importing Assets/Packages/Slicing/CharacterSlicerSamples/BloodParticle.prefab using Guid(cee7e6e67c3be35489149da56707d602) Importer(2089858483,934ff659095e30574adcf32a4c2f97b5)  -> (artifact id: 'b22da19f1b513b063b170e10eb8261a8') in 0.106250 seconds 
========================================================================
Received Prepare
Registering precompiled user dll's ...
Registered in 0.028523 seconds.
Begin MonoManager ReloadAssembly
Native extension for OSXStandalone target not found
Refreshing native plugins compatible for Editor in 3.00 ms, found 4 plugins.
Preloading 0 native plugins for Editor in 0.00 ms.
Mono: successfully reloaded assembly
- Completed reload, in  3.130 seconds
Domain Reload Profiling:
	ReloadAssembly (3130ms)
		BeginReloadAssembly (243ms)
			ExecutionOrderSort (0ms)
			DisableScriptedObjects (11ms)
			BackupInstance (0ms)
			ReleaseScriptingObjects (0ms)
			CreateAndSetChildDomain (116ms)
		EndReloadAssembly (2802ms)
			LoadAssemblies (690ms)
			RebuildTransferFunctionScriptingTraits (0ms)
			SetupTypeCache (626ms)
			ReleaseScriptCaches (1ms)
			RebuildScriptCaches (107ms)
			SetupLoadedEditorAssemblies (1140ms)
				LogAssemblyErrors (0ms)
				InitializePlatformSupportModulesInManaged (8ms)
				SetLoadedEditorAssemblies (1ms)
				RefreshPlugins (3ms)
				BeforeProcessingInitializeOnLoad (132ms)
				ProcessInitializeOnLoadAttributes (868ms)
				ProcessInitializeOnLoadMethodAttributes (125ms)
				AfterProcessingInitializeOnLoad (3ms)
				EditorAssembliesLoaded (0ms)
			ExecutionOrderSort2 (0ms)
			AwakeInstancesAfterBackupRestoration (11ms)
Platform modules already initialized, skipping
Switching build target platform(2) subTarget(0) extendedPlatform(0) -> platform(13) subTarget(589824) extendedPlatform(0)
Refreshing native plugins compatible for Editor in 3.24 ms, found 4 plugins.
Preloading 0 native plugins for Editor in 0.00 ms.
Unloading 2816 Unused Serialized files (Serialized files now loaded: 0)
System memory in use before: 298.5 MB.
System memory in use after: 296.7 MB.

Unloading 182 unused Assets to reduce memory usage. Loaded Objects now: 3320.
Total: 9.754955 ms (FindLiveObjects: 0.439186 ms CreateObjectMapping: 0.169770 ms MarkObjects: 7.847431 ms  DeleteObjects: 1.297401 ms)

AssetImportParameters requested are different than current active one (requested -> active):
  custom:video-decoder-ogg-theora: a1e56fd34408186e4bbccfd4996cb3dc -> 
  custom:container-muxer-webm: aa71ff27fc2769a1b78a27578f13a17b -> 
  custom:container-demuxer-webm: 4f35f7cbe854078d1ac9338744f61a02 -> 
  custom:container-demuxer-ogg: 62fdf1f143b41e24485cea50d1cbac27 -> 
  custom:video-encoder-webm-vp8: eb34c28f22e8b96e1ab97ce403110664 -> 
  custom:framework-osx-AVFoundation: b23960f63f64bdc6ff669e2cdcee2391 -> 
  custom:video-decoder-webm-vp8: 9c59270c3fd7afecdb556c50c9e8de78 -> 
  custom:graphics/normal-map-encoding: 01000000000000000000000000000000 -> 02000000000000000000000000000000
  custom:audio-decoder-ogg-vorbis: bf7c407c2cedff20999df2af8eb42d56 -> 
  custom:audio-encoder-webm-vorbis: bf7c407c2cedff20999df2af8eb42d56 -> 
========================================================================
Received Prepare
Registering precompiled user dll's ...
Registered in 0.022415 seconds.
Begin MonoManager ReloadAssembly
Native extension for OSXStandalone target not found
Refreshing native plugins compatible for Editor in 6.77 ms, found 4 plugins.
Preloading 0 native plugins for Editor in 0.00 ms.
Mono: successfully reloaded assembly
- Completed reload, in  3.254 seconds
Domain Reload Profiling:
	ReloadAssembly (3255ms)
		BeginReloadAssembly (409ms)
			ExecutionOrderSort (0ms)
			DisableScriptedObjects (9ms)
			BackupInstance (0ms)
			ReleaseScriptingObjects (0ms)
			CreateAndSetChildDomain (136ms)
		EndReloadAssembly (2747ms)
			LoadAssemblies (759ms)
			RebuildTransferFunctionScriptingTraits (0ms)
			SetupTypeCache (772ms)
			ReleaseScriptCaches (2ms)
			RebuildScriptCaches (109ms)
			SetupLoadedEditorAssemblies (933ms)
				LogAssemblyErrors (0ms)
				InitializePlatformSupportModulesInManaged (7ms)
				SetLoadedEditorAssemblies (1ms)
				RefreshPlugins (7ms)
				BeforeProcessingInitializeOnLoad (83ms)
				ProcessInitializeOnLoadAttributes (705ms)
				ProcessInitializeOnLoadMethodAttributes (126ms)
				AfterProcessingInitializeOnLoad (4ms)
				EditorAssembliesLoaded (1ms)
			ExecutionOrderSort2 (0ms)
			AwakeInstancesAfterBackupRestoration (21ms)
Platform modules already initialized, skipping
Switching build target platform(2) subTarget(0) extendedPlatform(0) -> platform(13) subTarget(589824) extendedPlatform(0)
Refreshing native plugins compatible for Editor in 1.84 ms, found 4 plugins.
Preloading 0 native plugins for Editor in 0.00 ms.
Unloading 2816 Unused Serialized files (Serialized files now loaded: 0)
System memory in use before: 298.8 MB.
System memory in use after: 296.9 MB.

Unloading 181 unused Assets to reduce memory usage. Loaded Objects now: 3323.
Total: 9.925574 ms (FindLiveObjects: 0.291231 ms CreateObjectMapping: 0.121384 ms MarkObjects: 8.731083 ms  DeleteObjects: 0.780651 ms)

AssetImportParameters requested are different than current active one (requested -> active):
  custom:video-decoder-ogg-theora: a1e56fd34408186e4bbccfd4996cb3dc -> 
  custom:container-muxer-webm: aa71ff27fc2769a1b78a27578f13a17b -> 
  custom:container-demuxer-webm: 4f35f7cbe854078d1ac9338744f61a02 -> 
  custom:container-demuxer-ogg: 62fdf1f143b41e24485cea50d1cbac27 -> 
  custom:video-encoder-webm-vp8: eb34c28f22e8b96e1ab97ce403110664 -> 
  custom:framework-osx-AVFoundation: b23960f63f64bdc6ff669e2cdcee2391 -> 
  custom:video-decoder-webm-vp8: 9c59270c3fd7afecdb556c50c9e8de78 -> 
  custom:graphics/normal-map-encoding: 01000000000000000000000000000000 -> 02000000000000000000000000000000
  custom:audio-decoder-ogg-vorbis: bf7c407c2cedff20999df2af8eb42d56 -> 
  custom:audio-encoder-webm-vorbis: bf7c407c2cedff20999df2af8eb42d56 -> 
========================================================================
Received Prepare
Registering precompiled user dll's ...
Registered in 0.056633 seconds.
Begin MonoManager ReloadAssembly
Native extension for OSXStandalone target not found
Refreshing native plugins compatible for Editor in 1.94 ms, found 4 plugins.
Preloading 0 native plugins for Editor in 0.00 ms.
Mono: successfully reloaded assembly
- Completed reload, in  1.828 seconds
Domain Reload Profiling:
	ReloadAssembly (1828ms)
		BeginReloadAssembly (185ms)
			ExecutionOrderSort (0ms)
			DisableScriptedObjects (15ms)
			BackupInstance (0ms)
			ReleaseScriptingObjects (0ms)
			CreateAndSetChildDomain (97ms)
		EndReloadAssembly (1562ms)
			LoadAssemblies (99ms)
			RebuildTransferFunctionScriptingTraits (0ms)
			SetupTypeCache (456ms)
			ReleaseScriptCaches (1ms)
			RebuildScriptCaches (85ms)
			SetupLoadedEditorAssemblies (749ms)
				LogAssemblyErrors (0ms)
				InitializePlatformSupportModulesInManaged (6ms)
				SetLoadedEditorAssemblies (1ms)
				RefreshPlugins (2ms)
				BeforeProcessingInitializeOnLoad (64ms)
				ProcessInitializeOnLoadAttributes (593ms)
				ProcessInitializeOnLoadMethodAttributes (82ms)
				AfterProcessingInitializeOnLoad (2ms)
				EditorAssembliesLoaded (0ms)
			ExecutionOrderSort2 (0ms)
			AwakeInstancesAfterBackupRestoration (8ms)
Platform modules already initialized, skipping
Switching build target platform(2) subTarget(0) extendedPlatform(0) -> platform(13) subTarget(589824) extendedPlatform(0)
Refreshing native plugins compatible for Editor in 1.73 ms, found 4 plugins.
Preloading 0 native plugins for Editor in 0.00 ms.
Unloading 2816 Unused Serialized files (Serialized files now loaded: 0)
System memory in use before: 299.1 MB.
System memory in use after: 297.2 MB.

Unloading 181 unused Assets to reduce memory usage. Loaded Objects now: 3326.
Total: 9.144516 ms (FindLiveObjects: 0.289596 ms CreateObjectMapping: 0.164874 ms MarkObjects: 7.885384 ms  DeleteObjects: 0.803165 ms)

AssetImportParameters requested are different than current active one (requested -> active):
  custom:video-decoder-ogg-theora: a1e56fd34408186e4bbccfd4996cb3dc -> 
  custom:container-muxer-webm: aa71ff27fc2769a1b78a27578f13a17b -> 
  custom:container-demuxer-webm: 4f35f7cbe854078d1ac9338744f61a02 -> 
  custom:container-demuxer-ogg: 62fdf1f143b41e24485cea50d1cbac27 -> 
  custom:video-encoder-webm-vp8: eb34c28f22e8b96e1ab97ce403110664 -> 
  custom:framework-osx-AVFoundation: b23960f63f64bdc6ff669e2cdcee2391 -> 
  custom:video-decoder-webm-vp8: 9c59270c3fd7afecdb556c50c9e8de78 -> 
  custom:graphics/normal-map-encoding: 01000000000000000000000000000000 -> 02000000000000000000000000000000
  custom:audio-decoder-ogg-vorbis: bf7c407c2cedff20999df2af8eb42d56 -> 
  custom:audio-encoder-webm-vorbis: bf7c407c2cedff20999df2af8eb42d56 -> 
